Estado 4 conflitos: 1 de deslocamento/redução


Gramática

    0 $accept: program $end

    1 program: exp

    2 exp: lvalue
    3    | NIL
    4    | LPAREN RPAREN
    5    | INT
    6    | STRING
    7    | MINUS exp
    8    | func_call
    9    | arith_exp
   10    | cmp_exp
   11    | bool_exp
   12    | record_create
   13    | array_create
   14    | lvalue ASSIGN exp
   15    | cond_exp
   16    | loop_exp
   17    | BREAK
   18    | LET decs IN expseq END
   19    | LPAREN expseq RPAREN
   20    | switch_exp

   21 switch_exp: SWITCH lvalue LBRACE case_list RBRACE

   22 case_list: case
   23          | case_list case

   24 case: CASE INT COLON exp
   25     | DEFAULT COLON exp

   26 cond_exp: IF exp THEN exp ELSE exp
   27         | IF exp THEN exp

   28 loop_exp: WHILE exp DO exp
   29         | FOR ID ASSIGN exp TO exp DO exp

   30 lvalue: ID
   31       | ID LBRACK exp RBRACK
   32       | lvalue LBRACK exp RBRACK
   33       | lvalue DOT ID

   34 func_call: ID LPAREN explist RPAREN

   35 explist: %empty
   36        | explist_nonempty

   37 explist_nonempty: exp
   38                 | exp COMMA explist_nonempty

   39 arith_exp: exp PLUS exp
   40          | exp MINUS exp
   41          | exp TIMES exp
   42          | exp DIVIDE exp

   43 cmp_exp: exp EQ exp
   44        | exp NEQ exp
   45        | exp LT exp
   46        | exp LE exp
   47        | exp GT exp
   48        | exp GE exp

   49 bool_exp: exp AND exp
   50         | exp OR exp

   51 record_create: ID LBRACE record_create_list RBRACE

   52 record_create_list: %empty
   53                   | record_create_list_nonempty

   54 record_create_list_nonempty: record_create_field
   55                            | record_create_field COMMA record_create_list_nonempty

   56 record_create_field: ID EQ exp

   57 array_create: ID LBRACK exp RBRACK OF exp

   58 decs: %empty
   59     | dec decs

   60 dec: tydeclist
   61    | vardec
   62    | fundeclist

   63 tydeclist: tydec
   64          | tydec tydeclist

   65 tydec: TYPE ID EQ ty

   66 ty: ID
   67   | LBRACE tyfields RBRACE
   68   | ARRAY OF ID

   69 tyfields: %empty
   70         | tyfields_nonempty

   71 tyfields_nonempty: tyfield
   72                  | tyfield COMMA tyfields_nonempty

   73 tyfield: ID COLON ID

   74 vardec: VAR ID ASSIGN exp
   75       | VAR ID COLON ID ASSIGN exp

   76 fundeclist: fundec
   77           | fundec fundeclist

   78 fundec: FUNCTION ID LPAREN tyfields RPAREN EQ exp
   79       | FUNCTION ID LPAREN tyfields RPAREN COLON ID EQ exp

   80 expseq: %empty
   81       | exp
   82       | exp SEMICOLON expseq


Terminais, com as regras onde eles aparecem

    $end (0) 0
    error (256)
    LOW (258)
    UMINUS (259)
    ID <sval> (260) 29 30 31 33 34 51 56 57 65 66 68 73 74 75 78 79
    STRING <sval> (261) 6
    INT <ival> (262) 5 24
    COMMA (263) 38 55 72
    COLON (264) 24 25 73 75 79
    SEMICOLON (265) 82
    LPAREN (266) 4 19 34 78 79
    RPAREN (267) 4 19 34 78 79
    LBRACK (268) 31 32 57
    RBRACK (269) 31 32 57
    LBRACE (270) 21 51 67
    RBRACE (271) 21 51 67
    DOT (272) 33
    PLUS (273) 39
    MINUS (274) 7 40
    TIMES (275) 41
    DIVIDE (276) 42
    EQ (277) 43 56 65 78 79
    NEQ (278) 44
    LT (279) 45
    LE (280) 46
    GT (281) 47
    GE (282) 48
    AND (283) 49
    OR (284) 50
    ASSIGN (285) 14 29 74 75
    ARRAY (286) 68
    IF (287) 26 27
    THEN (288) 26 27
    ELSE (289) 26
    WHILE (290) 28
    FOR (291) 29
    TO (292) 29
    DO (293) 28 29
    LET (294) 18
    IN (295) 18
    END (296) 18
    OF (297) 57 68
    BREAK (298) 17
    NIL (299) 3
    FUNCTION (300) 78 79
    VAR (301) 74 75
    TYPE (302) 65
    SWITCH (303) 21
    CASE (304) 24
    DEFAULT (305) 25


Não terminais com as regras onde eles aparecem

    $accept (51)
        à esquerda: 0
    program <exp> (52)
        à esquerda: 1
        à direita: 0
    exp <exp> (53)
        à esquerda: 2 3 4 5 6 7 8 9 10 11 12 13 14 15 16 17 18 19 20
        à direita: 1 7 14 24 25 26 27 28 29 31 32 37 38 39 40 41 42 43 44 45 46 47 48 49 50 56 57 74 75 78 79 81 82
    switch_exp <exp> (54)
        à esquerda: 21
        à direita: 20
    case_list <exp> (55)
        à esquerda: 22 23
        à direita: 21 23
    case <exp> (56)
        à esquerda: 24 25
        à direita: 22 23
    cond_exp <exp> (57)
        à esquerda: 26 27
        à direita: 15
    loop_exp <exp> (58)
        à esquerda: 28 29
        à direita: 16
    lvalue <var> (59)
        à esquerda: 30 31 32 33
        à direita: 2 14 21 32 33
    func_call <exp> (60)
        à esquerda: 34
        à direita: 8
    explist <explist> (61)
        à esquerda: 35 36
        à direita: 34
    explist_nonempty <explist> (62)
        à esquerda: 37 38
        à direita: 36 38
    arith_exp <exp> (63)
        à esquerda: 39 40 41 42
        à direita: 9
    cmp_exp <exp> (64)
        à esquerda: 43 44 45 46 47 48
        à direita: 10
    bool_exp <exp> (65)
        à esquerda: 49 50
        à direita: 11
    record_create <exp> (66)
        à esquerda: 51
        à direita: 12
    record_create_list <efieldlist> (67)
        à esquerda: 52 53
        à direita: 51
    record_create_list_nonempty <efieldlist> (68)
        à esquerda: 54 55
        à direita: 53 55
    record_create_field <efield> (69)
        à esquerda: 56
        à direita: 54 55
    array_create <exp> (70)
        à esquerda: 57
        à direita: 13
    decs <declist> (71)
        à esquerda: 58 59
        à direita: 18 59
    dec <dec> (72)
        à esquerda: 60 61 62
        à direita: 59
    tydeclist <dec> (73)
        à esquerda: 63 64
        à direita: 60 64
    tydec <namety> (74)
        à esquerda: 65
        à direita: 63 64
    ty <ty> (75)
        à esquerda: 66 67 68
        à direita: 65
    tyfields <fieldlist> (76)
        à esquerda: 69 70
        à direita: 67 78 79
    tyfields_nonempty <fieldlist> (77)
        à esquerda: 71 72
        à direita: 70 72
    tyfield <field> (78)
        à esquerda: 73
        à direita: 71 72
    vardec <dec> (79)
        à esquerda: 74 75
        à direita: 61
    fundeclist <dec> (80)
        à esquerda: 76 77
        à direita: 62 77
    fundec <fundec> (81)
        à esquerda: 78 79
        à direita: 76 77
    expseq <explist> (82)
        à esquerda: 80 81 82
        à direita: 18 19 82


Estado 0

    0 $accept: • program $end

    ID      deslocar, e ir ao estado 1
    STRING  deslocar, e ir ao estado 2
    INT     deslocar, e ir ao estado 3
    LPAREN  deslocar, e ir ao estado 4
    MINUS   deslocar, e ir ao estado 5
    IF      deslocar, e ir ao estado 6
    WHILE   deslocar, e ir ao estado 7
    FOR     deslocar, e ir ao estado 8
    LET     deslocar, e ir ao estado 9
    BREAK   deslocar, e ir ao estado 10
    NIL     deslocar, e ir ao estado 11
    SWITCH  deslocar, e ir ao estado 12

    program        ir ao estado 13
    exp            ir ao estado 14
    switch_exp     ir ao estado 15
    cond_exp       ir ao estado 16
    loop_exp       ir ao estado 17
    lvalue         ir ao estado 18
    func_call      ir ao estado 19
    arith_exp      ir ao estado 20
    cmp_exp        ir ao estado 21
    bool_exp       ir ao estado 22
    record_create  ir ao estado 23
    array_create   ir ao estado 24


Estado 1

   30 lvalue: ID •
   31       | ID • LBRACK exp RBRACK
   34 func_call: ID • LPAREN explist RPAREN
   51 record_create: ID • LBRACE record_create_list RBRACE
   57 array_create: ID • LBRACK exp RBRACK OF exp

    LPAREN  deslocar, e ir ao estado 25
    LBRACK  deslocar, e ir ao estado 26
    LBRACE  deslocar, e ir ao estado 27

    $padrão  reduzir usando a regra 30 (lvalue)


Estado 2

    6 exp: STRING •

    $padrão  reduzir usando a regra 6 (exp)


Estado 3

    5 exp: INT •

    $padrão  reduzir usando a regra 5 (exp)


Estado 4

    4 exp: LPAREN • RPAREN
   19    | LPAREN • expseq RPAREN

    ID      deslocar, e ir ao estado 1
    STRING  deslocar, e ir ao estado 2
    INT     deslocar, e ir ao estado 3
    LPAREN  deslocar, e ir ao estado 4
    RPAREN  deslocar, e ir ao estado 28
    MINUS   deslocar, e ir ao estado 5
    IF      deslocar, e ir ao estado 6
    WHILE   deslocar, e ir ao estado 7
    FOR     deslocar, e ir ao estado 8
    LET     deslocar, e ir ao estado 9
    BREAK   deslocar, e ir ao estado 10
    NIL     deslocar, e ir ao estado 11
    SWITCH  deslocar, e ir ao estado 12

    RPAREN  [reduzir usando a regra 80 (expseq)]

    exp            ir ao estado 29
    switch_exp     ir ao estado 15
    cond_exp       ir ao estado 16
    loop_exp       ir ao estado 17
    lvalue         ir ao estado 18
    func_call      ir ao estado 19
    arith_exp      ir ao estado 20
    cmp_exp        ir ao estado 21
    bool_exp       ir ao estado 22
    record_create  ir ao estado 23
    array_create   ir ao estado 24
    expseq         ir ao estado 30


Estado 5

    7 exp: MINUS • exp

    ID      deslocar, e ir ao estado 1
    STRING  deslocar, e ir ao estado 2
    INT     deslocar, e ir ao estado 3
    LPAREN  deslocar, e ir ao estado 4
    MINUS   deslocar, e ir ao estado 5
    IF      deslocar, e ir ao estado 6
    WHILE   deslocar, e ir ao estado 7
    FOR     deslocar, e ir ao estado 8
    LET     deslocar, e ir ao estado 9
    BREAK   deslocar, e ir ao estado 10
    NIL     deslocar, e ir ao estado 11
    SWITCH  deslocar, e ir ao estado 12

    exp            ir ao estado 31
    switch_exp     ir ao estado 15
    cond_exp       ir ao estado 16
    loop_exp       ir ao estado 17
    lvalue         ir ao estado 18
    func_call      ir ao estado 19
    arith_exp      ir ao estado 20
    cmp_exp        ir ao estado 21
    bool_exp       ir ao estado 22
    record_create  ir ao estado 23
    array_create   ir ao estado 24


Estado 6

   26 cond_exp: IF • exp THEN exp ELSE exp
   27         | IF • exp THEN exp

    ID      deslocar, e ir ao estado 1
    STRING  deslocar, e ir ao estado 2
    INT     deslocar, e ir ao estado 3
    LPAREN  deslocar, e ir ao estado 4
    MINUS   deslocar, e ir ao estado 5
    IF      deslocar, e ir ao estado 6
    WHILE   deslocar, e ir ao estado 7
    FOR     deslocar, e ir ao estado 8
    LET     deslocar, e ir ao estado 9
    BREAK   deslocar, e ir ao estado 10
    NIL     deslocar, e ir ao estado 11
    SWITCH  deslocar, e ir ao estado 12

    exp            ir ao estado 32
    switch_exp     ir ao estado 15
    cond_exp       ir ao estado 16
    loop_exp       ir ao estado 17
    lvalue         ir ao estado 18
    func_call      ir ao estado 19
    arith_exp      ir ao estado 20
    cmp_exp        ir ao estado 21
    bool_exp       ir ao estado 22
    record_create  ir ao estado 23
    array_create   ir ao estado 24


Estado 7

   28 loop_exp: WHILE • exp DO exp

    ID      deslocar, e ir ao estado 1
    STRING  deslocar, e ir ao estado 2
    INT     deslocar, e ir ao estado 3
    LPAREN  deslocar, e ir ao estado 4
    MINUS   deslocar, e ir ao estado 5
    IF      deslocar, e ir ao estado 6
    WHILE   deslocar, e ir ao estado 7
    FOR     deslocar, e ir ao estado 8
    LET     deslocar, e ir ao estado 9
    BREAK   deslocar, e ir ao estado 10
    NIL     deslocar, e ir ao estado 11
    SWITCH  deslocar, e ir ao estado 12

    exp            ir ao estado 33
    switch_exp     ir ao estado 15
    cond_exp       ir ao estado 16
    loop_exp       ir ao estado 17
    lvalue         ir ao estado 18
    func_call      ir ao estado 19
    arith_exp      ir ao estado 20
    cmp_exp        ir ao estado 21
    bool_exp       ir ao estado 22
    record_create  ir ao estado 23
    array_create   ir ao estado 24


Estado 8

   29 loop_exp: FOR • ID ASSIGN exp TO exp DO exp

    ID  deslocar, e ir ao estado 34


Estado 9

   18 exp: LET • decs IN expseq END

    FUNCTION  deslocar, e ir ao estado 35
    VAR       deslocar, e ir ao estado 36
    TYPE      deslocar, e ir ao estado 37

    $padrão  reduzir usando a regra 58 (decs)

    decs        ir ao estado 38
    dec         ir ao estado 39
    tydeclist   ir ao estado 40
    tydec       ir ao estado 41
    vardec      ir ao estado 42
    fundeclist  ir ao estado 43
    fundec      ir ao estado 44


Estado 10

   17 exp: BREAK •

    $padrão  reduzir usando a regra 17 (exp)


Estado 11

    3 exp: NIL •

    $padrão  reduzir usando a regra 3 (exp)


Estado 12

   21 switch_exp: SWITCH • lvalue LBRACE case_list RBRACE

    ID  deslocar, e ir ao estado 45

    lvalue  ir ao estado 46


Estado 13

    0 $accept: program • $end

    $end  deslocar, e ir ao estado 47


Estado 14

    1 program: exp •
   39 arith_exp: exp • PLUS exp
   40          | exp • MINUS exp
   41          | exp • TIMES exp
   42          | exp • DIVIDE exp
   43 cmp_exp: exp • EQ exp
   44        | exp • NEQ exp
   45        | exp • LT exp
   46        | exp • LE exp
   47        | exp • GT exp
   48        | exp • GE exp
   49 bool_exp: exp • AND exp
   50         | exp • OR exp

    PLUS    deslocar, e ir ao estado 48
    MINUS   deslocar, e ir ao estado 49
    TIMES   deslocar, e ir ao estado 50
    DIVIDE  deslocar, e ir ao estado 51
    EQ      deslocar, e ir ao estado 52
    NEQ     deslocar, e ir ao estado 53
    LT      deslocar, e ir ao estado 54
    LE      deslocar, e ir ao estado 55
    GT      deslocar, e ir ao estado 56
    GE      deslocar, e ir ao estado 57
    AND     deslocar, e ir ao estado 58
    OR      deslocar, e ir ao estado 59

    $padrão  reduzir usando a regra 1 (program)


Estado 15

   20 exp: switch_exp •

    $padrão  reduzir usando a regra 20 (exp)


Estado 16

   15 exp: cond_exp •

    $padrão  reduzir usando a regra 15 (exp)


Estado 17

   16 exp: loop_exp •

    $padrão  reduzir usando a regra 16 (exp)


Estado 18

    2 exp: lvalue •
   14    | lvalue • ASSIGN exp
   32 lvalue: lvalue • LBRACK exp RBRACK
   33       | lvalue • DOT ID

    LBRACK  deslocar, e ir ao estado 60
    DOT     deslocar, e ir ao estado 61
    ASSIGN  deslocar, e ir ao estado 62

    $padrão  reduzir usando a regra 2 (exp)


Estado 19

    8 exp: func_call •

    $padrão  reduzir usando a regra 8 (exp)


Estado 20

    9 exp: arith_exp •

    $padrão  reduzir usando a regra 9 (exp)


Estado 21

   10 exp: cmp_exp •

    $padrão  reduzir usando a regra 10 (exp)


Estado 22

   11 exp: bool_exp •

    $padrão  reduzir usando a regra 11 (exp)


Estado 23

   12 exp: record_create •

    $padrão  reduzir usando a regra 12 (exp)


Estado 24

   13 exp: array_create •

    $padrão  reduzir usando a regra 13 (exp)


Estado 25

   34 func_call: ID LPAREN • explist RPAREN

    ID      deslocar, e ir ao estado 1
    STRING  deslocar, e ir ao estado 2
    INT     deslocar, e ir ao estado 3
    LPAREN  deslocar, e ir ao estado 4
    MINUS   deslocar, e ir ao estado 5
    IF      deslocar, e ir ao estado 6
    WHILE   deslocar, e ir ao estado 7
    FOR     deslocar, e ir ao estado 8
    LET     deslocar, e ir ao estado 9
    BREAK   deslocar, e ir ao estado 10
    NIL     deslocar, e ir ao estado 11
    SWITCH  deslocar, e ir ao estado 12

    $padrão  reduzir usando a regra 35 (explist)

    exp               ir ao estado 63
    switch_exp        ir ao estado 15
    cond_exp          ir ao estado 16
    loop_exp          ir ao estado 17
    lvalue            ir ao estado 18
    func_call         ir ao estado 19
    explist           ir ao estado 64
    explist_nonempty  ir ao estado 65
    arith_exp         ir ao estado 20
    cmp_exp           ir ao estado 21
    bool_exp          ir ao estado 22
    record_create     ir ao estado 23
    array_create      ir ao estado 24


Estado 26

   31 lvalue: ID LBRACK • exp RBRACK
   57 array_create: ID LBRACK • exp RBRACK OF exp

    ID      deslocar, e ir ao estado 1
    STRING  deslocar, e ir ao estado 2
    INT     deslocar, e ir ao estado 3
    LPAREN  deslocar, e ir ao estado 4
    MINUS   deslocar, e ir ao estado 5
    IF      deslocar, e ir ao estado 6
    WHILE   deslocar, e ir ao estado 7
    FOR     deslocar, e ir ao estado 8
    LET     deslocar, e ir ao estado 9
    BREAK   deslocar, e ir ao estado 10
    NIL     deslocar, e ir ao estado 11
    SWITCH  deslocar, e ir ao estado 12

    exp            ir ao estado 66
    switch_exp     ir ao estado 15
    cond_exp       ir ao estado 16
    loop_exp       ir ao estado 17
    lvalue         ir ao estado 18
    func_call      ir ao estado 19
    arith_exp      ir ao estado 20
    cmp_exp        ir ao estado 21
    bool_exp       ir ao estado 22
    record_create  ir ao estado 23
    array_create   ir ao estado 24


Estado 27

   51 record_create: ID LBRACE • record_create_list RBRACE

    ID  deslocar, e ir ao estado 67

    $padrão  reduzir usando a regra 52 (record_create_list)

    record_create_list           ir ao estado 68
    record_create_list_nonempty  ir ao estado 69
    record_create_field          ir ao estado 70


Estado 28

    4 exp: LPAREN RPAREN •

    $padrão  reduzir usando a regra 4 (exp)


Estado 29

   39 arith_exp: exp • PLUS exp
   40          | exp • MINUS exp
   41          | exp • TIMES exp
   42          | exp • DIVIDE exp
   43 cmp_exp: exp • EQ exp
   44        | exp • NEQ exp
   45        | exp • LT exp
   46        | exp • LE exp
   47        | exp • GT exp
   48        | exp • GE exp
   49 bool_exp: exp • AND exp
   50         | exp • OR exp
   81 expseq: exp •
   82       | exp • SEMICOLON expseq

    SEMICOLON  deslocar, e ir ao estado 71
    PLUS       deslocar, e ir ao estado 48
    MINUS      deslocar, e ir ao estado 49
    TIMES      deslocar, e ir ao estado 50
    DIVIDE     deslocar, e ir ao estado 51
    EQ         deslocar, e ir ao estado 52
    NEQ        deslocar, e ir ao estado 53
    LT         deslocar, e ir ao estado 54
    LE         deslocar, e ir ao estado 55
    GT         deslocar, e ir ao estado 56
    GE         deslocar, e ir ao estado 57
    AND        deslocar, e ir ao estado 58
    OR         deslocar, e ir ao estado 59

    $padrão  reduzir usando a regra 81 (expseq)


Estado 30

   19 exp: LPAREN expseq • RPAREN

    RPAREN  deslocar, e ir ao estado 72


Estado 31

    7 exp: MINUS exp •
   39 arith_exp: exp • PLUS exp
   40          | exp • MINUS exp
   41          | exp • TIMES exp
   42          | exp • DIVIDE exp
   43 cmp_exp: exp • EQ exp
   44        | exp • NEQ exp
   45        | exp • LT exp
   46        | exp • LE exp
   47        | exp • GT exp
   48        | exp • GE exp
   49 bool_exp: exp • AND exp
   50         | exp • OR exp

    $padrão  reduzir usando a regra 7 (exp)


Estado 32

   26 cond_exp: IF exp • THEN exp ELSE exp
   27         | IF exp • THEN exp
   39 arith_exp: exp • PLUS exp
   40          | exp • MINUS exp
   41          | exp • TIMES exp
   42          | exp • DIVIDE exp
   43 cmp_exp: exp • EQ exp
   44        | exp • NEQ exp
   45        | exp • LT exp
   46        | exp • LE exp
   47        | exp • GT exp
   48        | exp • GE exp
   49 bool_exp: exp • AND exp
   50         | exp • OR exp

    PLUS    deslocar, e ir ao estado 48
    MINUS   deslocar, e ir ao estado 49
    TIMES   deslocar, e ir ao estado 50
    DIVIDE  deslocar, e ir ao estado 51
    EQ      deslocar, e ir ao estado 52
    NEQ     deslocar, e ir ao estado 53
    LT      deslocar, e ir ao estado 54
    LE      deslocar, e ir ao estado 55
    GT      deslocar, e ir ao estado 56
    GE      deslocar, e ir ao estado 57
    AND     deslocar, e ir ao estado 58
    OR      deslocar, e ir ao estado 59
    THEN    deslocar, e ir ao estado 73


Estado 33

   28 loop_exp: WHILE exp • DO exp
   39 arith_exp: exp • PLUS exp
   40          | exp • MINUS exp
   41          | exp • TIMES exp
   42          | exp • DIVIDE exp
   43 cmp_exp: exp • EQ exp
   44        | exp • NEQ exp
   45        | exp • LT exp
   46        | exp • LE exp
   47        | exp • GT exp
   48        | exp • GE exp
   49 bool_exp: exp • AND exp
   50         | exp • OR exp

    PLUS    deslocar, e ir ao estado 48
    MINUS   deslocar, e ir ao estado 49
    TIMES   deslocar, e ir ao estado 50
    DIVIDE  deslocar, e ir ao estado 51
    EQ      deslocar, e ir ao estado 52
    NEQ     deslocar, e ir ao estado 53
    LT      deslocar, e ir ao estado 54
    LE      deslocar, e ir ao estado 55
    GT      deslocar, e ir ao estado 56
    GE      deslocar, e ir ao estado 57
    AND     deslocar, e ir ao estado 58
    OR      deslocar, e ir ao estado 59
    DO      deslocar, e ir ao estado 74


Estado 34

   29 loop_exp: FOR ID • ASSIGN exp TO exp DO exp

    ASSIGN  deslocar, e ir ao estado 75


Estado 35

   78 fundec: FUNCTION • ID LPAREN tyfields RPAREN EQ exp
   79       | FUNCTION • ID LPAREN tyfields RPAREN COLON ID EQ exp

    ID  deslocar, e ir ao estado 76


Estado 36

   74 vardec: VAR • ID ASSIGN exp
   75       | VAR • ID COLON ID ASSIGN exp

    ID  deslocar, e ir ao estado 77


Estado 37

   65 tydec: TYPE • ID EQ ty

    ID  deslocar, e ir ao estado 78


Estado 38

   18 exp: LET decs • IN expseq END

    IN  deslocar, e ir ao estado 79


Estado 39

   59 decs: dec • decs

    FUNCTION  deslocar, e ir ao estado 35
    VAR       deslocar, e ir ao estado 36
    TYPE      deslocar, e ir ao estado 37

    $padrão  reduzir usando a regra 58 (decs)

    decs        ir ao estado 80
    dec         ir ao estado 39
    tydeclist   ir ao estado 40
    tydec       ir ao estado 41
    vardec      ir ao estado 42
    fundeclist  ir ao estado 43
    fundec      ir ao estado 44


Estado 40

   60 dec: tydeclist •

    $padrão  reduzir usando a regra 60 (dec)


Estado 41

   63 tydeclist: tydec •
   64          | tydec • tydeclist

    TYPE  deslocar, e ir ao estado 37

    $padrão  reduzir usando a regra 63 (tydeclist)

    tydeclist  ir ao estado 81
    tydec      ir ao estado 41


Estado 42

   61 dec: vardec •

    $padrão  reduzir usando a regra 61 (dec)


Estado 43

   62 dec: fundeclist •

    $padrão  reduzir usando a regra 62 (dec)


Estado 44

   76 fundeclist: fundec •
   77           | fundec • fundeclist

    FUNCTION  deslocar, e ir ao estado 35

    $padrão  reduzir usando a regra 76 (fundeclist)

    fundeclist  ir ao estado 82
    fundec      ir ao estado 44


Estado 45

   30 lvalue: ID •
   31       | ID • LBRACK exp RBRACK

    LBRACK  deslocar, e ir ao estado 83

    $padrão  reduzir usando a regra 30 (lvalue)


Estado 46

   21 switch_exp: SWITCH lvalue • LBRACE case_list RBRACE
   32 lvalue: lvalue • LBRACK exp RBRACK
   33       | lvalue • DOT ID

    LBRACK  deslocar, e ir ao estado 60
    LBRACE  deslocar, e ir ao estado 84
    DOT     deslocar, e ir ao estado 61


Estado 47

    0 $accept: program $end •

    $padrão  aceitar


Estado 48

   39 arith_exp: exp PLUS • exp

    ID      deslocar, e ir ao estado 1
    STRING  deslocar, e ir ao estado 2
    INT     deslocar, e ir ao estado 3
    LPAREN  deslocar, e ir ao estado 4
    MINUS   deslocar, e ir ao estado 5
    IF      deslocar, e ir ao estado 6
    WHILE   deslocar, e ir ao estado 7
    FOR     deslocar, e ir ao estado 8
    LET     deslocar, e ir ao estado 9
    BREAK   deslocar, e ir ao estado 10
    NIL     deslocar, e ir ao estado 11
    SWITCH  deslocar, e ir ao estado 12

    exp            ir ao estado 85
    switch_exp     ir ao estado 15
    cond_exp       ir ao estado 16
    loop_exp       ir ao estado 17
    lvalue         ir ao estado 18
    func_call      ir ao estado 19
    arith_exp      ir ao estado 20
    cmp_exp        ir ao estado 21
    bool_exp       ir ao estado 22
    record_create  ir ao estado 23
    array_create   ir ao estado 24


Estado 49

   40 arith_exp: exp MINUS • exp

    ID      deslocar, e ir ao estado 1
    STRING  deslocar, e ir ao estado 2
    INT     deslocar, e ir ao estado 3
    LPAREN  deslocar, e ir ao estado 4
    MINUS   deslocar, e ir ao estado 5
    IF      deslocar, e ir ao estado 6
    WHILE   deslocar, e ir ao estado 7
    FOR     deslocar, e ir ao estado 8
    LET     deslocar, e ir ao estado 9
    BREAK   deslocar, e ir ao estado 10
    NIL     deslocar, e ir ao estado 11
    SWITCH  deslocar, e ir ao estado 12

    exp            ir ao estado 86
    switch_exp     ir ao estado 15
    cond_exp       ir ao estado 16
    loop_exp       ir ao estado 17
    lvalue         ir ao estado 18
    func_call      ir ao estado 19
    arith_exp      ir ao estado 20
    cmp_exp        ir ao estado 21
    bool_exp       ir ao estado 22
    record_create  ir ao estado 23
    array_create   ir ao estado 24


Estado 50

   41 arith_exp: exp TIMES • exp

    ID      deslocar, e ir ao estado 1
    STRING  deslocar, e ir ao estado 2
    INT     deslocar, e ir ao estado 3
    LPAREN  deslocar, e ir ao estado 4
    MINUS   deslocar, e ir ao estado 5
    IF      deslocar, e ir ao estado 6
    WHILE   deslocar, e ir ao estado 7
    FOR     deslocar, e ir ao estado 8
    LET     deslocar, e ir ao estado 9
    BREAK   deslocar, e ir ao estado 10
    NIL     deslocar, e ir ao estado 11
    SWITCH  deslocar, e ir ao estado 12

    exp            ir ao estado 87
    switch_exp     ir ao estado 15
    cond_exp       ir ao estado 16
    loop_exp       ir ao estado 17
    lvalue         ir ao estado 18
    func_call      ir ao estado 19
    arith_exp      ir ao estado 20
    cmp_exp        ir ao estado 21
    bool_exp       ir ao estado 22
    record_create  ir ao estado 23
    array_create   ir ao estado 24


Estado 51

   42 arith_exp: exp DIVIDE • exp

    ID      deslocar, e ir ao estado 1
    STRING  deslocar, e ir ao estado 2
    INT     deslocar, e ir ao estado 3
    LPAREN  deslocar, e ir ao estado 4
    MINUS   deslocar, e ir ao estado 5
    IF      deslocar, e ir ao estado 6
    WHILE   deslocar, e ir ao estado 7
    FOR     deslocar, e ir ao estado 8
    LET     deslocar, e ir ao estado 9
    BREAK   deslocar, e ir ao estado 10
    NIL     deslocar, e ir ao estado 11
    SWITCH  deslocar, e ir ao estado 12

    exp            ir ao estado 88
    switch_exp     ir ao estado 15
    cond_exp       ir ao estado 16
    loop_exp       ir ao estado 17
    lvalue         ir ao estado 18
    func_call      ir ao estado 19
    arith_exp      ir ao estado 20
    cmp_exp        ir ao estado 21
    bool_exp       ir ao estado 22
    record_create  ir ao estado 23
    array_create   ir ao estado 24


Estado 52

   43 cmp_exp: exp EQ • exp

    ID      deslocar, e ir ao estado 1
    STRING  deslocar, e ir ao estado 2
    INT     deslocar, e ir ao estado 3
    LPAREN  deslocar, e ir ao estado 4
    MINUS   deslocar, e ir ao estado 5
    IF      deslocar, e ir ao estado 6
    WHILE   deslocar, e ir ao estado 7
    FOR     deslocar, e ir ao estado 8
    LET     deslocar, e ir ao estado 9
    BREAK   deslocar, e ir ao estado 10
    NIL     deslocar, e ir ao estado 11
    SWITCH  deslocar, e ir ao estado 12

    exp            ir ao estado 89
    switch_exp     ir ao estado 15
    cond_exp       ir ao estado 16
    loop_exp       ir ao estado 17
    lvalue         ir ao estado 18
    func_call      ir ao estado 19
    arith_exp      ir ao estado 20
    cmp_exp        ir ao estado 21
    bool_exp       ir ao estado 22
    record_create  ir ao estado 23
    array_create   ir ao estado 24


Estado 53

   44 cmp_exp: exp NEQ • exp

    ID      deslocar, e ir ao estado 1
    STRING  deslocar, e ir ao estado 2
    INT     deslocar, e ir ao estado 3
    LPAREN  deslocar, e ir ao estado 4
    MINUS   deslocar, e ir ao estado 5
    IF      deslocar, e ir ao estado 6
    WHILE   deslocar, e ir ao estado 7
    FOR     deslocar, e ir ao estado 8
    LET     deslocar, e ir ao estado 9
    BREAK   deslocar, e ir ao estado 10
    NIL     deslocar, e ir ao estado 11
    SWITCH  deslocar, e ir ao estado 12

    exp            ir ao estado 90
    switch_exp     ir ao estado 15
    cond_exp       ir ao estado 16
    loop_exp       ir ao estado 17
    lvalue         ir ao estado 18
    func_call      ir ao estado 19
    arith_exp      ir ao estado 20
    cmp_exp        ir ao estado 21
    bool_exp       ir ao estado 22
    record_create  ir ao estado 23
    array_create   ir ao estado 24


Estado 54

   45 cmp_exp: exp LT • exp

    ID      deslocar, e ir ao estado 1
    STRING  deslocar, e ir ao estado 2
    INT     deslocar, e ir ao estado 3
    LPAREN  deslocar, e ir ao estado 4
    MINUS   deslocar, e ir ao estado 5
    IF      deslocar, e ir ao estado 6
    WHILE   deslocar, e ir ao estado 7
    FOR     deslocar, e ir ao estado 8
    LET     deslocar, e ir ao estado 9
    BREAK   deslocar, e ir ao estado 10
    NIL     deslocar, e ir ao estado 11
    SWITCH  deslocar, e ir ao estado 12

    exp            ir ao estado 91
    switch_exp     ir ao estado 15
    cond_exp       ir ao estado 16
    loop_exp       ir ao estado 17
    lvalue         ir ao estado 18
    func_call      ir ao estado 19
    arith_exp      ir ao estado 20
    cmp_exp        ir ao estado 21
    bool_exp       ir ao estado 22
    record_create  ir ao estado 23
    array_create   ir ao estado 24


Estado 55

   46 cmp_exp: exp LE • exp

    ID      deslocar, e ir ao estado 1
    STRING  deslocar, e ir ao estado 2
    INT     deslocar, e ir ao estado 3
    LPAREN  deslocar, e ir ao estado 4
    MINUS   deslocar, e ir ao estado 5
    IF      deslocar, e ir ao estado 6
    WHILE   deslocar, e ir ao estado 7
    FOR     deslocar, e ir ao estado 8
    LET     deslocar, e ir ao estado 9
    BREAK   deslocar, e ir ao estado 10
    NIL     deslocar, e ir ao estado 11
    SWITCH  deslocar, e ir ao estado 12

    exp            ir ao estado 92
    switch_exp     ir ao estado 15
    cond_exp       ir ao estado 16
    loop_exp       ir ao estado 17
    lvalue         ir ao estado 18
    func_call      ir ao estado 19
    arith_exp      ir ao estado 20
    cmp_exp        ir ao estado 21
    bool_exp       ir ao estado 22
    record_create  ir ao estado 23
    array_create   ir ao estado 24


Estado 56

   47 cmp_exp: exp GT • exp

    ID      deslocar, e ir ao estado 1
    STRING  deslocar, e ir ao estado 2
    INT     deslocar, e ir ao estado 3
    LPAREN  deslocar, e ir ao estado 4
    MINUS   deslocar, e ir ao estado 5
    IF      deslocar, e ir ao estado 6
    WHILE   deslocar, e ir ao estado 7
    FOR     deslocar, e ir ao estado 8
    LET     deslocar, e ir ao estado 9
    BREAK   deslocar, e ir ao estado 10
    NIL     deslocar, e ir ao estado 11
    SWITCH  deslocar, e ir ao estado 12

    exp            ir ao estado 93
    switch_exp     ir ao estado 15
    cond_exp       ir ao estado 16
    loop_exp       ir ao estado 17
    lvalue         ir ao estado 18
    func_call      ir ao estado 19
    arith_exp      ir ao estado 20
    cmp_exp        ir ao estado 21
    bool_exp       ir ao estado 22
    record_create  ir ao estado 23
    array_create   ir ao estado 24


Estado 57

   48 cmp_exp: exp GE • exp

    ID      deslocar, e ir ao estado 1
    STRING  deslocar, e ir ao estado 2
    INT     deslocar, e ir ao estado 3
    LPAREN  deslocar, e ir ao estado 4
    MINUS   deslocar, e ir ao estado 5
    IF      deslocar, e ir ao estado 6
    WHILE   deslocar, e ir ao estado 7
    FOR     deslocar, e ir ao estado 8
    LET     deslocar, e ir ao estado 9
    BREAK   deslocar, e ir ao estado 10
    NIL     deslocar, e ir ao estado 11
    SWITCH  deslocar, e ir ao estado 12

    exp            ir ao estado 94
    switch_exp     ir ao estado 15
    cond_exp       ir ao estado 16
    loop_exp       ir ao estado 17
    lvalue         ir ao estado 18
    func_call      ir ao estado 19
    arith_exp      ir ao estado 20
    cmp_exp        ir ao estado 21
    bool_exp       ir ao estado 22
    record_create  ir ao estado 23
    array_create   ir ao estado 24


Estado 58

   49 bool_exp: exp AND • exp

    ID      deslocar, e ir ao estado 1
    STRING  deslocar, e ir ao estado 2
    INT     deslocar, e ir ao estado 3
    LPAREN  deslocar, e ir ao estado 4
    MINUS   deslocar, e ir ao estado 5
    IF      deslocar, e ir ao estado 6
    WHILE   deslocar, e ir ao estado 7
    FOR     deslocar, e ir ao estado 8
    LET     deslocar, e ir ao estado 9
    BREAK   deslocar, e ir ao estado 10
    NIL     deslocar, e ir ao estado 11
    SWITCH  deslocar, e ir ao estado 12

    exp            ir ao estado 95
    switch_exp     ir ao estado 15
    cond_exp       ir ao estado 16
    loop_exp       ir ao estado 17
    lvalue         ir ao estado 18
    func_call      ir ao estado 19
    arith_exp      ir ao estado 20
    cmp_exp        ir ao estado 21
    bool_exp       ir ao estado 22
    record_create  ir ao estado 23
    array_create   ir ao estado 24


Estado 59

   50 bool_exp: exp OR • exp

    ID      deslocar, e ir ao estado 1
    STRING  deslocar, e ir ao estado 2
    INT     deslocar, e ir ao estado 3
    LPAREN  deslocar, e ir ao estado 4
    MINUS   deslocar, e ir ao estado 5
    IF      deslocar, e ir ao estado 6
    WHILE   deslocar, e ir ao estado 7
    FOR     deslocar, e ir ao estado 8
    LET     deslocar, e ir ao estado 9
    BREAK   deslocar, e ir ao estado 10
    NIL     deslocar, e ir ao estado 11
    SWITCH  deslocar, e ir ao estado 12

    exp            ir ao estado 96
    switch_exp     ir ao estado 15
    cond_exp       ir ao estado 16
    loop_exp       ir ao estado 17
    lvalue         ir ao estado 18
    func_call      ir ao estado 19
    arith_exp      ir ao estado 20
    cmp_exp        ir ao estado 21
    bool_exp       ir ao estado 22
    record_create  ir ao estado 23
    array_create   ir ao estado 24


Estado 60

   32 lvalue: lvalue LBRACK • exp RBRACK

    ID      deslocar, e ir ao estado 1
    STRING  deslocar, e ir ao estado 2
    INT     deslocar, e ir ao estado 3
    LPAREN  deslocar, e ir ao estado 4
    MINUS   deslocar, e ir ao estado 5
    IF      deslocar, e ir ao estado 6
    WHILE   deslocar, e ir ao estado 7
    FOR     deslocar, e ir ao estado 8
    LET     deslocar, e ir ao estado 9
    BREAK   deslocar, e ir ao estado 10
    NIL     deslocar, e ir ao estado 11
    SWITCH  deslocar, e ir ao estado 12

    exp            ir ao estado 97
    switch_exp     ir ao estado 15
    cond_exp       ir ao estado 16
    loop_exp       ir ao estado 17
    lvalue         ir ao estado 18
    func_call      ir ao estado 19
    arith_exp      ir ao estado 20
    cmp_exp        ir ao estado 21
    bool_exp       ir ao estado 22
    record_create  ir ao estado 23
    array_create   ir ao estado 24


Estado 61

   33 lvalue: lvalue DOT • ID

    ID  deslocar, e ir ao estado 98


Estado 62

   14 exp: lvalue ASSIGN • exp

    ID      deslocar, e ir ao estado 1
    STRING  deslocar, e ir ao estado 2
    INT     deslocar, e ir ao estado 3
    LPAREN  deslocar, e ir ao estado 4
    MINUS   deslocar, e ir ao estado 5
    IF      deslocar, e ir ao estado 6
    WHILE   deslocar, e ir ao estado 7
    FOR     deslocar, e ir ao estado 8
    LET     deslocar, e ir ao estado 9
    BREAK   deslocar, e ir ao estado 10
    NIL     deslocar, e ir ao estado 11
    SWITCH  deslocar, e ir ao estado 12

    exp            ir ao estado 99
    switch_exp     ir ao estado 15
    cond_exp       ir ao estado 16
    loop_exp       ir ao estado 17
    lvalue         ir ao estado 18
    func_call      ir ao estado 19
    arith_exp      ir ao estado 20
    cmp_exp        ir ao estado 21
    bool_exp       ir ao estado 22
    record_create  ir ao estado 23
    array_create   ir ao estado 24


Estado 63

   37 explist_nonempty: exp •
   38                 | exp • COMMA explist_nonempty
   39 arith_exp: exp • PLUS exp
   40          | exp • MINUS exp
   41          | exp • TIMES exp
   42          | exp • DIVIDE exp
   43 cmp_exp: exp • EQ exp
   44        | exp • NEQ exp
   45        | exp • LT exp
   46        | exp • LE exp
   47        | exp • GT exp
   48        | exp • GE exp
   49 bool_exp: exp • AND exp
   50         | exp • OR exp

    COMMA   deslocar, e ir ao estado 100
    PLUS    deslocar, e ir ao estado 48
    MINUS   deslocar, e ir ao estado 49
    TIMES   deslocar, e ir ao estado 50
    DIVIDE  deslocar, e ir ao estado 51
    EQ      deslocar, e ir ao estado 52
    NEQ     deslocar, e ir ao estado 53
    LT      deslocar, e ir ao estado 54
    LE      deslocar, e ir ao estado 55
    GT      deslocar, e ir ao estado 56
    GE      deslocar, e ir ao estado 57
    AND     deslocar, e ir ao estado 58
    OR      deslocar, e ir ao estado 59

    $padrão  reduzir usando a regra 37 (explist_nonempty)


Estado 64

   34 func_call: ID LPAREN explist • RPAREN

    RPAREN  deslocar, e ir ao estado 101


Estado 65

   36 explist: explist_nonempty •

    $padrão  reduzir usando a regra 36 (explist)


Estado 66

   31 lvalue: ID LBRACK exp • RBRACK
   39 arith_exp: exp • PLUS exp
   40          | exp • MINUS exp
   41          | exp • TIMES exp
   42          | exp • DIVIDE exp
   43 cmp_exp: exp • EQ exp
   44        | exp • NEQ exp
   45        | exp • LT exp
   46        | exp • LE exp
   47        | exp • GT exp
   48        | exp • GE exp
   49 bool_exp: exp • AND exp
   50         | exp • OR exp
   57 array_create: ID LBRACK exp • RBRACK OF exp

    RBRACK  deslocar, e ir ao estado 102
    PLUS    deslocar, e ir ao estado 48
    MINUS   deslocar, e ir ao estado 49
    TIMES   deslocar, e ir ao estado 50
    DIVIDE  deslocar, e ir ao estado 51
    EQ      deslocar, e ir ao estado 52
    NEQ     deslocar, e ir ao estado 53
    LT      deslocar, e ir ao estado 54
    LE      deslocar, e ir ao estado 55
    GT      deslocar, e ir ao estado 56
    GE      deslocar, e ir ao estado 57
    AND     deslocar, e ir ao estado 58
    OR      deslocar, e ir ao estado 59


Estado 67

   56 record_create_field: ID • EQ exp

    EQ  deslocar, e ir ao estado 103


Estado 68

   51 record_create: ID LBRACE record_create_list • RBRACE

    RBRACE  deslocar, e ir ao estado 104


Estado 69

   53 record_create_list: record_create_list_nonempty •

    $padrão  reduzir usando a regra 53 (record_create_list)


Estado 70

   54 record_create_list_nonempty: record_create_field •
   55                            | record_create_field • COMMA record_create_list_nonempty

    COMMA  deslocar, e ir ao estado 105

    $padrão  reduzir usando a regra 54 (record_create_list_nonempty)


Estado 71

   82 expseq: exp SEMICOLON • expseq

    ID      deslocar, e ir ao estado 1
    STRING  deslocar, e ir ao estado 2
    INT     deslocar, e ir ao estado 3
    LPAREN  deslocar, e ir ao estado 4
    MINUS   deslocar, e ir ao estado 5
    IF      deslocar, e ir ao estado 6
    WHILE   deslocar, e ir ao estado 7
    FOR     deslocar, e ir ao estado 8
    LET     deslocar, e ir ao estado 9
    BREAK   deslocar, e ir ao estado 10
    NIL     deslocar, e ir ao estado 11
    SWITCH  deslocar, e ir ao estado 12

    $padrão  reduzir usando a regra 80 (expseq)

    exp            ir ao estado 29
    switch_exp     ir ao estado 15
    cond_exp       ir ao estado 16
    loop_exp       ir ao estado 17
    lvalue         ir ao estado 18
    func_call      ir ao estado 19
    arith_exp      ir ao estado 20
    cmp_exp        ir ao estado 21
    bool_exp       ir ao estado 22
    record_create  ir ao estado 23
    array_create   ir ao estado 24
    expseq         ir ao estado 106


Estado 72

   19 exp: LPAREN expseq RPAREN •

    $padrão  reduzir usando a regra 19 (exp)


Estado 73

   26 cond_exp: IF exp THEN • exp ELSE exp
   27         | IF exp THEN • exp

    ID      deslocar, e ir ao estado 1
    STRING  deslocar, e ir ao estado 2
    INT     deslocar, e ir ao estado 3
    LPAREN  deslocar, e ir ao estado 4
    MINUS   deslocar, e ir ao estado 5
    IF      deslocar, e ir ao estado 6
    WHILE   deslocar, e ir ao estado 7
    FOR     deslocar, e ir ao estado 8
    LET     deslocar, e ir ao estado 9
    BREAK   deslocar, e ir ao estado 10
    NIL     deslocar, e ir ao estado 11
    SWITCH  deslocar, e ir ao estado 12

    exp            ir ao estado 107
    switch_exp     ir ao estado 15
    cond_exp       ir ao estado 16
    loop_exp       ir ao estado 17
    lvalue         ir ao estado 18
    func_call      ir ao estado 19
    arith_exp      ir ao estado 20
    cmp_exp        ir ao estado 21
    bool_exp       ir ao estado 22
    record_create  ir ao estado 23
    array_create   ir ao estado 24


Estado 74

   28 loop_exp: WHILE exp DO • exp

    ID      deslocar, e ir ao estado 1
    STRING  deslocar, e ir ao estado 2
    INT     deslocar, e ir ao estado 3
    LPAREN  deslocar, e ir ao estado 4
    MINUS   deslocar, e ir ao estado 5
    IF      deslocar, e ir ao estado 6
    WHILE   deslocar, e ir ao estado 7
    FOR     deslocar, e ir ao estado 8
    LET     deslocar, e ir ao estado 9
    BREAK   deslocar, e ir ao estado 10
    NIL     deslocar, e ir ao estado 11
    SWITCH  deslocar, e ir ao estado 12

    exp            ir ao estado 108
    switch_exp     ir ao estado 15
    cond_exp       ir ao estado 16
    loop_exp       ir ao estado 17
    lvalue         ir ao estado 18
    func_call      ir ao estado 19
    arith_exp      ir ao estado 20
    cmp_exp        ir ao estado 21
    bool_exp       ir ao estado 22
    record_create  ir ao estado 23
    array_create   ir ao estado 24


Estado 75

   29 loop_exp: FOR ID ASSIGN • exp TO exp DO exp

    ID      deslocar, e ir ao estado 1
    STRING  deslocar, e ir ao estado 2
    INT     deslocar, e ir ao estado 3
    LPAREN  deslocar, e ir ao estado 4
    MINUS   deslocar, e ir ao estado 5
    IF      deslocar, e ir ao estado 6
    WHILE   deslocar, e ir ao estado 7
    FOR     deslocar, e ir ao estado 8
    LET     deslocar, e ir ao estado 9
    BREAK   deslocar, e ir ao estado 10
    NIL     deslocar, e ir ao estado 11
    SWITCH  deslocar, e ir ao estado 12

    exp            ir ao estado 109
    switch_exp     ir ao estado 15
    cond_exp       ir ao estado 16
    loop_exp       ir ao estado 17
    lvalue         ir ao estado 18
    func_call      ir ao estado 19
    arith_exp      ir ao estado 20
    cmp_exp        ir ao estado 21
    bool_exp       ir ao estado 22
    record_create  ir ao estado 23
    array_create   ir ao estado 24


Estado 76

   78 fundec: FUNCTION ID • LPAREN tyfields RPAREN EQ exp
   79       | FUNCTION ID • LPAREN tyfields RPAREN COLON ID EQ exp

    LPAREN  deslocar, e ir ao estado 110


Estado 77

   74 vardec: VAR ID • ASSIGN exp
   75       | VAR ID • COLON ID ASSIGN exp

    COLON   deslocar, e ir ao estado 111
    ASSIGN  deslocar, e ir ao estado 112


Estado 78

   65 tydec: TYPE ID • EQ ty

    EQ  deslocar, e ir ao estado 113


Estado 79

   18 exp: LET decs IN • expseq END

    ID      deslocar, e ir ao estado 1
    STRING  deslocar, e ir ao estado 2
    INT     deslocar, e ir ao estado 3
    LPAREN  deslocar, e ir ao estado 4
    MINUS   deslocar, e ir ao estado 5
    IF      deslocar, e ir ao estado 6
    WHILE   deslocar, e ir ao estado 7
    FOR     deslocar, e ir ao estado 8
    LET     deslocar, e ir ao estado 9
    BREAK   deslocar, e ir ao estado 10
    NIL     deslocar, e ir ao estado 11
    SWITCH  deslocar, e ir ao estado 12

    $padrão  reduzir usando a regra 80 (expseq)

    exp            ir ao estado 29
    switch_exp     ir ao estado 15
    cond_exp       ir ao estado 16
    loop_exp       ir ao estado 17
    lvalue         ir ao estado 18
    func_call      ir ao estado 19
    arith_exp      ir ao estado 20
    cmp_exp        ir ao estado 21
    bool_exp       ir ao estado 22
    record_create  ir ao estado 23
    array_create   ir ao estado 24
    expseq         ir ao estado 114


Estado 80

   59 decs: dec decs •

    $padrão  reduzir usando a regra 59 (decs)


Estado 81

   64 tydeclist: tydec tydeclist •

    $padrão  reduzir usando a regra 64 (tydeclist)


Estado 82

   77 fundeclist: fundec fundeclist •

    $padrão  reduzir usando a regra 77 (fundeclist)


Estado 83

   31 lvalue: ID LBRACK • exp RBRACK

    ID      deslocar, e ir ao estado 1
    STRING  deslocar, e ir ao estado 2
    INT     deslocar, e ir ao estado 3
    LPAREN  deslocar, e ir ao estado 4
    MINUS   deslocar, e ir ao estado 5
    IF      deslocar, e ir ao estado 6
    WHILE   deslocar, e ir ao estado 7
    FOR     deslocar, e ir ao estado 8
    LET     deslocar, e ir ao estado 9
    BREAK   deslocar, e ir ao estado 10
    NIL     deslocar, e ir ao estado 11
    SWITCH  deslocar, e ir ao estado 12

    exp            ir ao estado 115
    switch_exp     ir ao estado 15
    cond_exp       ir ao estado 16
    loop_exp       ir ao estado 17
    lvalue         ir ao estado 18
    func_call      ir ao estado 19
    arith_exp      ir ao estado 20
    cmp_exp        ir ao estado 21
    bool_exp       ir ao estado 22
    record_create  ir ao estado 23
    array_create   ir ao estado 24


Estado 84

   21 switch_exp: SWITCH lvalue LBRACE • case_list RBRACE

    CASE     deslocar, e ir ao estado 116
    DEFAULT  deslocar, e ir ao estado 117

    case_list  ir ao estado 118
    case       ir ao estado 119


Estado 85

   39 arith_exp: exp • PLUS exp
   39          | exp PLUS exp •
   40          | exp • MINUS exp
   41          | exp • TIMES exp
   42          | exp • DIVIDE exp
   43 cmp_exp: exp • EQ exp
   44        | exp • NEQ exp
   45        | exp • LT exp
   46        | exp • LE exp
   47        | exp • GT exp
   48        | exp • GE exp
   49 bool_exp: exp • AND exp
   50         | exp • OR exp

    TIMES   deslocar, e ir ao estado 50
    DIVIDE  deslocar, e ir ao estado 51

    $padrão  reduzir usando a regra 39 (arith_exp)


Estado 86

   39 arith_exp: exp • PLUS exp
   40          | exp • MINUS exp
   40          | exp MINUS exp •
   41          | exp • TIMES exp
   42          | exp • DIVIDE exp
   43 cmp_exp: exp • EQ exp
   44        | exp • NEQ exp
   45        | exp • LT exp
   46        | exp • LE exp
   47        | exp • GT exp
   48        | exp • GE exp
   49 bool_exp: exp • AND exp
   50         | exp • OR exp

    TIMES   deslocar, e ir ao estado 50
    DIVIDE  deslocar, e ir ao estado 51

    $padrão  reduzir usando a regra 40 (arith_exp)


Estado 87

   39 arith_exp: exp • PLUS exp
   40          | exp • MINUS exp
   41          | exp • TIMES exp
   41          | exp TIMES exp •
   42          | exp • DIVIDE exp
   43 cmp_exp: exp • EQ exp
   44        | exp • NEQ exp
   45        | exp • LT exp
   46        | exp • LE exp
   47        | exp • GT exp
   48        | exp • GE exp
   49 bool_exp: exp • AND exp
   50         | exp • OR exp

    $padrão  reduzir usando a regra 41 (arith_exp)


Estado 88

   39 arith_exp: exp • PLUS exp
   40          | exp • MINUS exp
   41          | exp • TIMES exp
   42          | exp • DIVIDE exp
   42          | exp DIVIDE exp •
   43 cmp_exp: exp • EQ exp
   44        | exp • NEQ exp
   45        | exp • LT exp
   46        | exp • LE exp
   47        | exp • GT exp
   48        | exp • GE exp
   49 bool_exp: exp • AND exp
   50         | exp • OR exp

    $padrão  reduzir usando a regra 42 (arith_exp)


Estado 89

   39 arith_exp: exp • PLUS exp
   40          | exp • MINUS exp
   41          | exp • TIMES exp
   42          | exp • DIVIDE exp
   43 cmp_exp: exp • EQ exp
   43        | exp EQ exp •
   44        | exp • NEQ exp
   45        | exp • LT exp
   46        | exp • LE exp
   47        | exp • GT exp
   48        | exp • GE exp
   49 bool_exp: exp • AND exp
   50         | exp • OR exp

    PLUS    deslocar, e ir ao estado 48
    MINUS   deslocar, e ir ao estado 49
    TIMES   deslocar, e ir ao estado 50
    DIVIDE  deslocar, e ir ao estado 51

    $padrão  reduzir usando a regra 43 (cmp_exp)


Estado 90

   39 arith_exp: exp • PLUS exp
   40          | exp • MINUS exp
   41          | exp • TIMES exp
   42          | exp • DIVIDE exp
   43 cmp_exp: exp • EQ exp
   44        | exp • NEQ exp
   44        | exp NEQ exp •
   45        | exp • LT exp
   46        | exp • LE exp
   47        | exp • GT exp
   48        | exp • GE exp
   49 bool_exp: exp • AND exp
   50         | exp • OR exp

    PLUS    deslocar, e ir ao estado 48
    MINUS   deslocar, e ir ao estado 49
    TIMES   deslocar, e ir ao estado 50
    DIVIDE  deslocar, e ir ao estado 51

    $padrão  reduzir usando a regra 44 (cmp_exp)


Estado 91

   39 arith_exp: exp • PLUS exp
   40          | exp • MINUS exp
   41          | exp • TIMES exp
   42          | exp • DIVIDE exp
   43 cmp_exp: exp • EQ exp
   44        | exp • NEQ exp
   45        | exp • LT exp
   45        | exp LT exp •
   46        | exp • LE exp
   47        | exp • GT exp
   48        | exp • GE exp
   49 bool_exp: exp • AND exp
   50         | exp • OR exp

    PLUS    deslocar, e ir ao estado 48
    MINUS   deslocar, e ir ao estado 49
    TIMES   deslocar, e ir ao estado 50
    DIVIDE  deslocar, e ir ao estado 51

    $padrão  reduzir usando a regra 45 (cmp_exp)


Estado 92

   39 arith_exp: exp • PLUS exp
   40          | exp • MINUS exp
   41          | exp • TIMES exp
   42          | exp • DIVIDE exp
   43 cmp_exp: exp • EQ exp
   44        | exp • NEQ exp
   45        | exp • LT exp
   46        | exp • LE exp
   46        | exp LE exp •
   47        | exp • GT exp
   48        | exp • GE exp
   49 bool_exp: exp • AND exp
   50         | exp • OR exp

    PLUS    deslocar, e ir ao estado 48
    MINUS   deslocar, e ir ao estado 49
    TIMES   deslocar, e ir ao estado 50
    DIVIDE  deslocar, e ir ao estado 51

    $padrão  reduzir usando a regra 46 (cmp_exp)


Estado 93

   39 arith_exp: exp • PLUS exp
   40          | exp • MINUS exp
   41          | exp • TIMES exp
   42          | exp • DIVIDE exp
   43 cmp_exp: exp • EQ exp
   44        | exp • NEQ exp
   45        | exp • LT exp
   46        | exp • LE exp
   47        | exp • GT exp
   47        | exp GT exp •
   48        | exp • GE exp
   49 bool_exp: exp • AND exp
   50         | exp • OR exp

    PLUS    deslocar, e ir ao estado 48
    MINUS   deslocar, e ir ao estado 49
    TIMES   deslocar, e ir ao estado 50
    DIVIDE  deslocar, e ir ao estado 51

    $padrão  reduzir usando a regra 47 (cmp_exp)


Estado 94

   39 arith_exp: exp • PLUS exp
   40          | exp • MINUS exp
   41          | exp • TIMES exp
   42          | exp • DIVIDE exp
   43 cmp_exp: exp • EQ exp
   44        | exp • NEQ exp
   45        | exp • LT exp
   46        | exp • LE exp
   47        | exp • GT exp
   48        | exp • GE exp
   48        | exp GE exp •
   49 bool_exp: exp • AND exp
   50         | exp • OR exp

    PLUS    deslocar, e ir ao estado 48
    MINUS   deslocar, e ir ao estado 49
    TIMES   deslocar, e ir ao estado 50
    DIVIDE  deslocar, e ir ao estado 51

    $padrão  reduzir usando a regra 48 (cmp_exp)


Estado 95

   39 arith_exp: exp • PLUS exp
   40          | exp • MINUS exp
   41          | exp • TIMES exp
   42          | exp • DIVIDE exp
   43 cmp_exp: exp • EQ exp
   44        | exp • NEQ exp
   45        | exp • LT exp
   46        | exp • LE exp
   47        | exp • GT exp
   48        | exp • GE exp
   49 bool_exp: exp • AND exp
   49         | exp AND exp •
   50         | exp • OR exp

    PLUS    deslocar, e ir ao estado 48
    MINUS   deslocar, e ir ao estado 49
    TIMES   deslocar, e ir ao estado 50
    DIVIDE  deslocar, e ir ao estado 51
    EQ      deslocar, e ir ao estado 52
    NEQ     deslocar, e ir ao estado 53
    LT      deslocar, e ir ao estado 54
    LE      deslocar, e ir ao estado 55
    GT      deslocar, e ir ao estado 56
    GE      deslocar, e ir ao estado 57

    $padrão  reduzir usando a regra 49 (bool_exp)


Estado 96

   39 arith_exp: exp • PLUS exp
   40          | exp • MINUS exp
   41          | exp • TIMES exp
   42          | exp • DIVIDE exp
   43 cmp_exp: exp • EQ exp
   44        | exp • NEQ exp
   45        | exp • LT exp
   46        | exp • LE exp
   47        | exp • GT exp
   48        | exp • GE exp
   49 bool_exp: exp • AND exp
   50         | exp • OR exp
   50         | exp OR exp •

    PLUS    deslocar, e ir ao estado 48
    MINUS   deslocar, e ir ao estado 49
    TIMES   deslocar, e ir ao estado 50
    DIVIDE  deslocar, e ir ao estado 51
    EQ      deslocar, e ir ao estado 52
    NEQ     deslocar, e ir ao estado 53
    LT      deslocar, e ir ao estado 54
    LE      deslocar, e ir ao estado 55
    GT      deslocar, e ir ao estado 56
    GE      deslocar, e ir ao estado 57
    AND     deslocar, e ir ao estado 58

    $padrão  reduzir usando a regra 50 (bool_exp)


Estado 97

   32 lvalue: lvalue LBRACK exp • RBRACK
   39 arith_exp: exp • PLUS exp
   40          | exp • MINUS exp
   41          | exp • TIMES exp
   42          | exp • DIVIDE exp
   43 cmp_exp: exp • EQ exp
   44        | exp • NEQ exp
   45        | exp • LT exp
   46        | exp • LE exp
   47        | exp • GT exp
   48        | exp • GE exp
   49 bool_exp: exp • AND exp
   50         | exp • OR exp

    RBRACK  deslocar, e ir ao estado 120
    PLUS    deslocar, e ir ao estado 48
    MINUS   deslocar, e ir ao estado 49
    TIMES   deslocar, e ir ao estado 50
    DIVIDE  deslocar, e ir ao estado 51
    EQ      deslocar, e ir ao estado 52
    NEQ     deslocar, e ir ao estado 53
    LT      deslocar, e ir ao estado 54
    LE      deslocar, e ir ao estado 55
    GT      deslocar, e ir ao estado 56
    GE      deslocar, e ir ao estado 57
    AND     deslocar, e ir ao estado 58
    OR      deslocar, e ir ao estado 59


Estado 98

   33 lvalue: lvalue DOT ID •

    $padrão  reduzir usando a regra 33 (lvalue)


Estado 99

   14 exp: lvalue ASSIGN exp •
   39 arith_exp: exp • PLUS exp
   40          | exp • MINUS exp
   41          | exp • TIMES exp
   42          | exp • DIVIDE exp
   43 cmp_exp: exp • EQ exp
   44        | exp • NEQ exp
   45        | exp • LT exp
   46        | exp • LE exp
   47        | exp • GT exp
   48        | exp • GE exp
   49 bool_exp: exp • AND exp
   50         | exp • OR exp

    PLUS    deslocar, e ir ao estado 48
    MINUS   deslocar, e ir ao estado 49
    TIMES   deslocar, e ir ao estado 50
    DIVIDE  deslocar, e ir ao estado 51
    EQ      deslocar, e ir ao estado 52
    NEQ     deslocar, e ir ao estado 53
    LT      deslocar, e ir ao estado 54
    LE      deslocar, e ir ao estado 55
    GT      deslocar, e ir ao estado 56
    GE      deslocar, e ir ao estado 57
    AND     deslocar, e ir ao estado 58
    OR      deslocar, e ir ao estado 59

    $padrão  reduzir usando a regra 14 (exp)


Estado 100

   38 explist_nonempty: exp COMMA • explist_nonempty

    ID      deslocar, e ir ao estado 1
    STRING  deslocar, e ir ao estado 2
    INT     deslocar, e ir ao estado 3
    LPAREN  deslocar, e ir ao estado 4
    MINUS   deslocar, e ir ao estado 5
    IF      deslocar, e ir ao estado 6
    WHILE   deslocar, e ir ao estado 7
    FOR     deslocar, e ir ao estado 8
    LET     deslocar, e ir ao estado 9
    BREAK   deslocar, e ir ao estado 10
    NIL     deslocar, e ir ao estado 11
    SWITCH  deslocar, e ir ao estado 12

    exp               ir ao estado 63
    switch_exp        ir ao estado 15
    cond_exp          ir ao estado 16
    loop_exp          ir ao estado 17
    lvalue            ir ao estado 18
    func_call         ir ao estado 19
    explist_nonempty  ir ao estado 121
    arith_exp         ir ao estado 20
    cmp_exp           ir ao estado 21
    bool_exp          ir ao estado 22
    record_create     ir ao estado 23
    array_create      ir ao estado 24


Estado 101

   34 func_call: ID LPAREN explist RPAREN •

    $padrão  reduzir usando a regra 34 (func_call)


Estado 102

   31 lvalue: ID LBRACK exp RBRACK •
   57 array_create: ID LBRACK exp RBRACK • OF exp

    OF  deslocar, e ir ao estado 122

    $padrão  reduzir usando a regra 31 (lvalue)


Estado 103

   56 record_create_field: ID EQ • exp

    ID      deslocar, e ir ao estado 1
    STRING  deslocar, e ir ao estado 2
    INT     deslocar, e ir ao estado 3
    LPAREN  deslocar, e ir ao estado 4
    MINUS   deslocar, e ir ao estado 5
    IF      deslocar, e ir ao estado 6
    WHILE   deslocar, e ir ao estado 7
    FOR     deslocar, e ir ao estado 8
    LET     deslocar, e ir ao estado 9
    BREAK   deslocar, e ir ao estado 10
    NIL     deslocar, e ir ao estado 11
    SWITCH  deslocar, e ir ao estado 12

    exp            ir ao estado 123
    switch_exp     ir ao estado 15
    cond_exp       ir ao estado 16
    loop_exp       ir ao estado 17
    lvalue         ir ao estado 18
    func_call      ir ao estado 19
    arith_exp      ir ao estado 20
    cmp_exp        ir ao estado 21
    bool_exp       ir ao estado 22
    record_create  ir ao estado 23
    array_create   ir ao estado 24


Estado 104

   51 record_create: ID LBRACE record_create_list RBRACE •

    $padrão  reduzir usando a regra 51 (record_create)


Estado 105

   55 record_create_list_nonempty: record_create_field COMMA • record_create_list_nonempty

    ID  deslocar, e ir ao estado 67

    record_create_list_nonempty  ir ao estado 124
    record_create_field          ir ao estado 70


Estado 106

   82 expseq: exp SEMICOLON expseq •

    $padrão  reduzir usando a regra 82 (expseq)


Estado 107

   26 cond_exp: IF exp THEN exp • ELSE exp
   27         | IF exp THEN exp •
   39 arith_exp: exp • PLUS exp
   40          | exp • MINUS exp
   41          | exp • TIMES exp
   42          | exp • DIVIDE exp
   43 cmp_exp: exp • EQ exp
   44        | exp • NEQ exp
   45        | exp • LT exp
   46        | exp • LE exp
   47        | exp • GT exp
   48        | exp • GE exp
   49 bool_exp: exp • AND exp
   50         | exp • OR exp

    PLUS    deslocar, e ir ao estado 48
    MINUS   deslocar, e ir ao estado 49
    TIMES   deslocar, e ir ao estado 50
    DIVIDE  deslocar, e ir ao estado 51
    EQ      deslocar, e ir ao estado 52
    NEQ     deslocar, e ir ao estado 53
    LT      deslocar, e ir ao estado 54
    LE      deslocar, e ir ao estado 55
    GT      deslocar, e ir ao estado 56
    GE      deslocar, e ir ao estado 57
    AND     deslocar, e ir ao estado 58
    OR      deslocar, e ir ao estado 59
    ELSE    deslocar, e ir ao estado 125

    $padrão  reduzir usando a regra 27 (cond_exp)


Estado 108

   28 loop_exp: WHILE exp DO exp •
   39 arith_exp: exp • PLUS exp
   40          | exp • MINUS exp
   41          | exp • TIMES exp
   42          | exp • DIVIDE exp
   43 cmp_exp: exp • EQ exp
   44        | exp • NEQ exp
   45        | exp • LT exp
   46        | exp • LE exp
   47        | exp • GT exp
   48        | exp • GE exp
   49 bool_exp: exp • AND exp
   50         | exp • OR exp

    PLUS    deslocar, e ir ao estado 48
    MINUS   deslocar, e ir ao estado 49
    TIMES   deslocar, e ir ao estado 50
    DIVIDE  deslocar, e ir ao estado 51
    EQ      deslocar, e ir ao estado 52
    NEQ     deslocar, e ir ao estado 53
    LT      deslocar, e ir ao estado 54
    LE      deslocar, e ir ao estado 55
    GT      deslocar, e ir ao estado 56
    GE      deslocar, e ir ao estado 57
    AND     deslocar, e ir ao estado 58
    OR      deslocar, e ir ao estado 59

    $padrão  reduzir usando a regra 28 (loop_exp)


Estado 109

   29 loop_exp: FOR ID ASSIGN exp • TO exp DO exp
   39 arith_exp: exp • PLUS exp
   40          | exp • MINUS exp
   41          | exp • TIMES exp
   42          | exp • DIVIDE exp
   43 cmp_exp: exp • EQ exp
   44        | exp • NEQ exp
   45        | exp • LT exp
   46        | exp • LE exp
   47        | exp • GT exp
   48        | exp • GE exp
   49 bool_exp: exp • AND exp
   50         | exp • OR exp

    PLUS    deslocar, e ir ao estado 48
    MINUS   deslocar, e ir ao estado 49
    TIMES   deslocar, e ir ao estado 50
    DIVIDE  deslocar, e ir ao estado 51
    EQ      deslocar, e ir ao estado 52
    NEQ     deslocar, e ir ao estado 53
    LT      deslocar, e ir ao estado 54
    LE      deslocar, e ir ao estado 55
    GT      deslocar, e ir ao estado 56
    GE      deslocar, e ir ao estado 57
    AND     deslocar, e ir ao estado 58
    OR      deslocar, e ir ao estado 59
    TO      deslocar, e ir ao estado 126


Estado 110

   78 fundec: FUNCTION ID LPAREN • tyfields RPAREN EQ exp
   79       | FUNCTION ID LPAREN • tyfields RPAREN COLON ID EQ exp

    ID  deslocar, e ir ao estado 127

    $padrão  reduzir usando a regra 69 (tyfields)

    tyfields           ir ao estado 128
    tyfields_nonempty  ir ao estado 129
    tyfield            ir ao estado 130


Estado 111

   75 vardec: VAR ID COLON • ID ASSIGN exp

    ID  deslocar, e ir ao estado 131


Estado 112

   74 vardec: VAR ID ASSIGN • exp

    ID      deslocar, e ir ao estado 1
    STRING  deslocar, e ir ao estado 2
    INT     deslocar, e ir ao estado 3
    LPAREN  deslocar, e ir ao estado 4
    MINUS   deslocar, e ir ao estado 5
    IF      deslocar, e ir ao estado 6
    WHILE   deslocar, e ir ao estado 7
    FOR     deslocar, e ir ao estado 8
    LET     deslocar, e ir ao estado 9
    BREAK   deslocar, e ir ao estado 10
    NIL     deslocar, e ir ao estado 11
    SWITCH  deslocar, e ir ao estado 12

    exp            ir ao estado 132
    switch_exp     ir ao estado 15
    cond_exp       ir ao estado 16
    loop_exp       ir ao estado 17
    lvalue         ir ao estado 18
    func_call      ir ao estado 19
    arith_exp      ir ao estado 20
    cmp_exp        ir ao estado 21
    bool_exp       ir ao estado 22
    record_create  ir ao estado 23
    array_create   ir ao estado 24


Estado 113

   65 tydec: TYPE ID EQ • ty

    ID      deslocar, e ir ao estado 133
    LBRACE  deslocar, e ir ao estado 134
    ARRAY   deslocar, e ir ao estado 135

    ty  ir ao estado 136


Estado 114

   18 exp: LET decs IN expseq • END

    END  deslocar, e ir ao estado 137


Estado 115

   31 lvalue: ID LBRACK exp • RBRACK
   39 arith_exp: exp • PLUS exp
   40          | exp • MINUS exp
   41          | exp • TIMES exp
   42          | exp • DIVIDE exp
   43 cmp_exp: exp • EQ exp
   44        | exp • NEQ exp
   45        | exp • LT exp
   46        | exp • LE exp
   47        | exp • GT exp
   48        | exp • GE exp
   49 bool_exp: exp • AND exp
   50         | exp • OR exp

    RBRACK  deslocar, e ir ao estado 138
    PLUS    deslocar, e ir ao estado 48
    MINUS   deslocar, e ir ao estado 49
    TIMES   deslocar, e ir ao estado 50
    DIVIDE  deslocar, e ir ao estado 51
    EQ      deslocar, e ir ao estado 52
    NEQ     deslocar, e ir ao estado 53
    LT      deslocar, e ir ao estado 54
    LE      deslocar, e ir ao estado 55
    GT      deslocar, e ir ao estado 56
    GE      deslocar, e ir ao estado 57
    AND     deslocar, e ir ao estado 58
    OR      deslocar, e ir ao estado 59


Estado 116

   24 case: CASE • INT COLON exp

    INT  deslocar, e ir ao estado 139


Estado 117

   25 case: DEFAULT • COLON exp

    COLON  deslocar, e ir ao estado 140


Estado 118

   21 switch_exp: SWITCH lvalue LBRACE case_list • RBRACE
   23 case_list: case_list • case

    RBRACE   deslocar, e ir ao estado 141
    CASE     deslocar, e ir ao estado 116
    DEFAULT  deslocar, e ir ao estado 117

    case  ir ao estado 142


Estado 119

   22 case_list: case •

    $padrão  reduzir usando a regra 22 (case_list)


Estado 120

   32 lvalue: lvalue LBRACK exp RBRACK •

    $padrão  reduzir usando a regra 32 (lvalue)


Estado 121

   38 explist_nonempty: exp COMMA explist_nonempty •

    $padrão  reduzir usando a regra 38 (explist_nonempty)


Estado 122

   57 array_create: ID LBRACK exp RBRACK OF • exp

    ID      deslocar, e ir ao estado 1
    STRING  deslocar, e ir ao estado 2
    INT     deslocar, e ir ao estado 3
    LPAREN  deslocar, e ir ao estado 4
    MINUS   deslocar, e ir ao estado 5
    IF      deslocar, e ir ao estado 6
    WHILE   deslocar, e ir ao estado 7
    FOR     deslocar, e ir ao estado 8
    LET     deslocar, e ir ao estado 9
    BREAK   deslocar, e ir ao estado 10
    NIL     deslocar, e ir ao estado 11
    SWITCH  deslocar, e ir ao estado 12

    exp            ir ao estado 143
    switch_exp     ir ao estado 15
    cond_exp       ir ao estado 16
    loop_exp       ir ao estado 17
    lvalue         ir ao estado 18
    func_call      ir ao estado 19
    arith_exp      ir ao estado 20
    cmp_exp        ir ao estado 21
    bool_exp       ir ao estado 22
    record_create  ir ao estado 23
    array_create   ir ao estado 24


Estado 123

   39 arith_exp: exp • PLUS exp
   40          | exp • MINUS exp
   41          | exp • TIMES exp
   42          | exp • DIVIDE exp
   43 cmp_exp: exp • EQ exp
   44        | exp • NEQ exp
   45        | exp • LT exp
   46        | exp • LE exp
   47        | exp • GT exp
   48        | exp • GE exp
   49 bool_exp: exp • AND exp
   50         | exp • OR exp
   56 record_create_field: ID EQ exp •

    PLUS    deslocar, e ir ao estado 48
    MINUS   deslocar, e ir ao estado 49
    TIMES   deslocar, e ir ao estado 50
    DIVIDE  deslocar, e ir ao estado 51
    EQ      deslocar, e ir ao estado 52
    NEQ     deslocar, e ir ao estado 53
    LT      deslocar, e ir ao estado 54
    LE      deslocar, e ir ao estado 55
    GT      deslocar, e ir ao estado 56
    GE      deslocar, e ir ao estado 57
    AND     deslocar, e ir ao estado 58
    OR      deslocar, e ir ao estado 59

    $padrão  reduzir usando a regra 56 (record_create_field)


Estado 124

   55 record_create_list_nonempty: record_create_field COMMA record_create_list_nonempty •

    $padrão  reduzir usando a regra 55 (record_create_list_nonempty)


Estado 125

   26 cond_exp: IF exp THEN exp ELSE • exp

    ID      deslocar, e ir ao estado 1
    STRING  deslocar, e ir ao estado 2
    INT     deslocar, e ir ao estado 3
    LPAREN  deslocar, e ir ao estado 4
    MINUS   deslocar, e ir ao estado 5
    IF      deslocar, e ir ao estado 6
    WHILE   deslocar, e ir ao estado 7
    FOR     deslocar, e ir ao estado 8
    LET     deslocar, e ir ao estado 9
    BREAK   deslocar, e ir ao estado 10
    NIL     deslocar, e ir ao estado 11
    SWITCH  deslocar, e ir ao estado 12

    exp            ir ao estado 144
    switch_exp     ir ao estado 15
    cond_exp       ir ao estado 16
    loop_exp       ir ao estado 17
    lvalue         ir ao estado 18
    func_call      ir ao estado 19
    arith_exp      ir ao estado 20
    cmp_exp        ir ao estado 21
    bool_exp       ir ao estado 22
    record_create  ir ao estado 23
    array_create   ir ao estado 24


Estado 126

   29 loop_exp: FOR ID ASSIGN exp TO • exp DO exp

    ID      deslocar, e ir ao estado 1
    STRING  deslocar, e ir ao estado 2
    INT     deslocar, e ir ao estado 3
    LPAREN  deslocar, e ir ao estado 4
    MINUS   deslocar, e ir ao estado 5
    IF      deslocar, e ir ao estado 6
    WHILE   deslocar, e ir ao estado 7
    FOR     deslocar, e ir ao estado 8
    LET     deslocar, e ir ao estado 9
    BREAK   deslocar, e ir ao estado 10
    NIL     deslocar, e ir ao estado 11
    SWITCH  deslocar, e ir ao estado 12

    exp            ir ao estado 145
    switch_exp     ir ao estado 15
    cond_exp       ir ao estado 16
    loop_exp       ir ao estado 17
    lvalue         ir ao estado 18
    func_call      ir ao estado 19
    arith_exp      ir ao estado 20
    cmp_exp        ir ao estado 21
    bool_exp       ir ao estado 22
    record_create  ir ao estado 23
    array_create   ir ao estado 24


Estado 127

   73 tyfield: ID • COLON ID

    COLON  deslocar, e ir ao estado 146


Estado 128

   78 fundec: FUNCTION ID LPAREN tyfields • RPAREN EQ exp
   79       | FUNCTION ID LPAREN tyfields • RPAREN COLON ID EQ exp

    RPAREN  deslocar, e ir ao estado 147


Estado 129

   70 tyfields: tyfields_nonempty •

    $padrão  reduzir usando a regra 70 (tyfields)


Estado 130

   71 tyfields_nonempty: tyfield •
   72                  | tyfield • COMMA tyfields_nonempty

    COMMA  deslocar, e ir ao estado 148

    $padrão  reduzir usando a regra 71 (tyfields_nonempty)


Estado 131

   75 vardec: VAR ID COLON ID • ASSIGN exp

    ASSIGN  deslocar, e ir ao estado 149


Estado 132

   39 arith_exp: exp • PLUS exp
   40          | exp • MINUS exp
   41          | exp • TIMES exp
   42          | exp • DIVIDE exp
   43 cmp_exp: exp • EQ exp
   44        | exp • NEQ exp
   45        | exp • LT exp
   46        | exp • LE exp
   47        | exp • GT exp
   48        | exp • GE exp
   49 bool_exp: exp • AND exp
   50         | exp • OR exp
   74 vardec: VAR ID ASSIGN exp •

    PLUS    deslocar, e ir ao estado 48
    MINUS   deslocar, e ir ao estado 49
    TIMES   deslocar, e ir ao estado 50
    DIVIDE  deslocar, e ir ao estado 51
    EQ      deslocar, e ir ao estado 52
    NEQ     deslocar, e ir ao estado 53
    LT      deslocar, e ir ao estado 54
    LE      deslocar, e ir ao estado 55
    GT      deslocar, e ir ao estado 56
    GE      deslocar, e ir ao estado 57
    AND     deslocar, e ir ao estado 58
    OR      deslocar, e ir ao estado 59

    $padrão  reduzir usando a regra 74 (vardec)


Estado 133

   66 ty: ID •

    $padrão  reduzir usando a regra 66 (ty)


Estado 134

   67 ty: LBRACE • tyfields RBRACE

    ID  deslocar, e ir ao estado 127

    $padrão  reduzir usando a regra 69 (tyfields)

    tyfields           ir ao estado 150
    tyfields_nonempty  ir ao estado 129
    tyfield            ir ao estado 130


Estado 135

   68 ty: ARRAY • OF ID

    OF  deslocar, e ir ao estado 151


Estado 136

   65 tydec: TYPE ID EQ ty •

    $padrão  reduzir usando a regra 65 (tydec)


Estado 137

   18 exp: LET decs IN expseq END •

    $padrão  reduzir usando a regra 18 (exp)


Estado 138

   31 lvalue: ID LBRACK exp RBRACK •

    $padrão  reduzir usando a regra 31 (lvalue)


Estado 139

   24 case: CASE INT • COLON exp

    COLON  deslocar, e ir ao estado 152


Estado 140

   25 case: DEFAULT COLON • exp

    ID      deslocar, e ir ao estado 1
    STRING  deslocar, e ir ao estado 2
    INT     deslocar, e ir ao estado 3
    LPAREN  deslocar, e ir ao estado 4
    MINUS   deslocar, e ir ao estado 5
    IF      deslocar, e ir ao estado 6
    WHILE   deslocar, e ir ao estado 7
    FOR     deslocar, e ir ao estado 8
    LET     deslocar, e ir ao estado 9
    BREAK   deslocar, e ir ao estado 10
    NIL     deslocar, e ir ao estado 11
    SWITCH  deslocar, e ir ao estado 12

    exp            ir ao estado 153
    switch_exp     ir ao estado 15
    cond_exp       ir ao estado 16
    loop_exp       ir ao estado 17
    lvalue         ir ao estado 18
    func_call      ir ao estado 19
    arith_exp      ir ao estado 20
    cmp_exp        ir ao estado 21
    bool_exp       ir ao estado 22
    record_create  ir ao estado 23
    array_create   ir ao estado 24


Estado 141

   21 switch_exp: SWITCH lvalue LBRACE case_list RBRACE •

    $padrão  reduzir usando a regra 21 (switch_exp)


Estado 142

   23 case_list: case_list case •

    $padrão  reduzir usando a regra 23 (case_list)


Estado 143

   39 arith_exp: exp • PLUS exp
   40          | exp • MINUS exp
   41          | exp • TIMES exp
   42          | exp • DIVIDE exp
   43 cmp_exp: exp • EQ exp
   44        | exp • NEQ exp
   45        | exp • LT exp
   46        | exp • LE exp
   47        | exp • GT exp
   48        | exp • GE exp
   49 bool_exp: exp • AND exp
   50         | exp • OR exp
   57 array_create: ID LBRACK exp RBRACK OF exp •

    PLUS    deslocar, e ir ao estado 48
    MINUS   deslocar, e ir ao estado 49
    TIMES   deslocar, e ir ao estado 50
    DIVIDE  deslocar, e ir ao estado 51
    EQ      deslocar, e ir ao estado 52
    NEQ     deslocar, e ir ao estado 53
    LT      deslocar, e ir ao estado 54
    LE      deslocar, e ir ao estado 55
    GT      deslocar, e ir ao estado 56
    GE      deslocar, e ir ao estado 57
    AND     deslocar, e ir ao estado 58
    OR      deslocar, e ir ao estado 59

    $padrão  reduzir usando a regra 57 (array_create)


Estado 144

   26 cond_exp: IF exp THEN exp ELSE exp •
   39 arith_exp: exp • PLUS exp
   40          | exp • MINUS exp
   41          | exp • TIMES exp
   42          | exp • DIVIDE exp
   43 cmp_exp: exp • EQ exp
   44        | exp • NEQ exp
   45        | exp • LT exp
   46        | exp • LE exp
   47        | exp • GT exp
   48        | exp • GE exp
   49 bool_exp: exp • AND exp
   50         | exp • OR exp

    PLUS    deslocar, e ir ao estado 48
    MINUS   deslocar, e ir ao estado 49
    TIMES   deslocar, e ir ao estado 50
    DIVIDE  deslocar, e ir ao estado 51
    EQ      deslocar, e ir ao estado 52
    NEQ     deslocar, e ir ao estado 53
    LT      deslocar, e ir ao estado 54
    LE      deslocar, e ir ao estado 55
    GT      deslocar, e ir ao estado 56
    GE      deslocar, e ir ao estado 57
    AND     deslocar, e ir ao estado 58
    OR      deslocar, e ir ao estado 59

    $padrão  reduzir usando a regra 26 (cond_exp)


Estado 145

   29 loop_exp: FOR ID ASSIGN exp TO exp • DO exp
   39 arith_exp: exp • PLUS exp
   40          | exp • MINUS exp
   41          | exp • TIMES exp
   42          | exp • DIVIDE exp
   43 cmp_exp: exp • EQ exp
   44        | exp • NEQ exp
   45        | exp • LT exp
   46        | exp • LE exp
   47        | exp • GT exp
   48        | exp • GE exp
   49 bool_exp: exp • AND exp
   50         | exp • OR exp

    PLUS    deslocar, e ir ao estado 48
    MINUS   deslocar, e ir ao estado 49
    TIMES   deslocar, e ir ao estado 50
    DIVIDE  deslocar, e ir ao estado 51
    EQ      deslocar, e ir ao estado 52
    NEQ     deslocar, e ir ao estado 53
    LT      deslocar, e ir ao estado 54
    LE      deslocar, e ir ao estado 55
    GT      deslocar, e ir ao estado 56
    GE      deslocar, e ir ao estado 57
    AND     deslocar, e ir ao estado 58
    OR      deslocar, e ir ao estado 59
    DO      deslocar, e ir ao estado 154


Estado 146

   73 tyfield: ID COLON • ID

    ID  deslocar, e ir ao estado 155


Estado 147

   78 fundec: FUNCTION ID LPAREN tyfields RPAREN • EQ exp
   79       | FUNCTION ID LPAREN tyfields RPAREN • COLON ID EQ exp

    COLON  deslocar, e ir ao estado 156
    EQ     deslocar, e ir ao estado 157


Estado 148

   72 tyfields_nonempty: tyfield COMMA • tyfields_nonempty

    ID  deslocar, e ir ao estado 127

    tyfields_nonempty  ir ao estado 158
    tyfield            ir ao estado 130


Estado 149

   75 vardec: VAR ID COLON ID ASSIGN • exp

    ID      deslocar, e ir ao estado 1
    STRING  deslocar, e ir ao estado 2
    INT     deslocar, e ir ao estado 3
    LPAREN  deslocar, e ir ao estado 4
    MINUS   deslocar, e ir ao estado 5
    IF      deslocar, e ir ao estado 6
    WHILE   deslocar, e ir ao estado 7
    FOR     deslocar, e ir ao estado 8
    LET     deslocar, e ir ao estado 9
    BREAK   deslocar, e ir ao estado 10
    NIL     deslocar, e ir ao estado 11
    SWITCH  deslocar, e ir ao estado 12

    exp            ir ao estado 159
    switch_exp     ir ao estado 15
    cond_exp       ir ao estado 16
    loop_exp       ir ao estado 17
    lvalue         ir ao estado 18
    func_call      ir ao estado 19
    arith_exp      ir ao estado 20
    cmp_exp        ir ao estado 21
    bool_exp       ir ao estado 22
    record_create  ir ao estado 23
    array_create   ir ao estado 24


Estado 150

   67 ty: LBRACE tyfields • RBRACE

    RBRACE  deslocar, e ir ao estado 160


Estado 151

   68 ty: ARRAY OF • ID

    ID  deslocar, e ir ao estado 161


Estado 152

   24 case: CASE INT COLON • exp

    ID      deslocar, e ir ao estado 1
    STRING  deslocar, e ir ao estado 2
    INT     deslocar, e ir ao estado 3
    LPAREN  deslocar, e ir ao estado 4
    MINUS   deslocar, e ir ao estado 5
    IF      deslocar, e ir ao estado 6
    WHILE   deslocar, e ir ao estado 7
    FOR     deslocar, e ir ao estado 8
    LET     deslocar, e ir ao estado 9
    BREAK   deslocar, e ir ao estado 10
    NIL     deslocar, e ir ao estado 11
    SWITCH  deslocar, e ir ao estado 12

    exp            ir ao estado 162
    switch_exp     ir ao estado 15
    cond_exp       ir ao estado 16
    loop_exp       ir ao estado 17
    lvalue         ir ao estado 18
    func_call      ir ao estado 19
    arith_exp      ir ao estado 20
    cmp_exp        ir ao estado 21
    bool_exp       ir ao estado 22
    record_create  ir ao estado 23
    array_create   ir ao estado 24


Estado 153

   25 case: DEFAULT COLON exp •
   39 arith_exp: exp • PLUS exp
   40          | exp • MINUS exp
   41          | exp • TIMES exp
   42          | exp • DIVIDE exp
   43 cmp_exp: exp • EQ exp
   44        | exp • NEQ exp
   45        | exp • LT exp
   46        | exp • LE exp
   47        | exp • GT exp
   48        | exp • GE exp
   49 bool_exp: exp • AND exp
   50         | exp • OR exp

    PLUS    deslocar, e ir ao estado 48
    MINUS   deslocar, e ir ao estado 49
    TIMES   deslocar, e ir ao estado 50
    DIVIDE  deslocar, e ir ao estado 51
    EQ      deslocar, e ir ao estado 52
    NEQ     deslocar, e ir ao estado 53
    LT      deslocar, e ir ao estado 54
    LE      deslocar, e ir ao estado 55
    GT      deslocar, e ir ao estado 56
    GE      deslocar, e ir ao estado 57
    AND     deslocar, e ir ao estado 58
    OR      deslocar, e ir ao estado 59

    $padrão  reduzir usando a regra 25 (case)


Estado 154

   29 loop_exp: FOR ID ASSIGN exp TO exp DO • exp

    ID      deslocar, e ir ao estado 1
    STRING  deslocar, e ir ao estado 2
    INT     deslocar, e ir ao estado 3
    LPAREN  deslocar, e ir ao estado 4
    MINUS   deslocar, e ir ao estado 5
    IF      deslocar, e ir ao estado 6
    WHILE   deslocar, e ir ao estado 7
    FOR     deslocar, e ir ao estado 8
    LET     deslocar, e ir ao estado 9
    BREAK   deslocar, e ir ao estado 10
    NIL     deslocar, e ir ao estado 11
    SWITCH  deslocar, e ir ao estado 12

    exp            ir ao estado 163
    switch_exp     ir ao estado 15
    cond_exp       ir ao estado 16
    loop_exp       ir ao estado 17
    lvalue         ir ao estado 18
    func_call      ir ao estado 19
    arith_exp      ir ao estado 20
    cmp_exp        ir ao estado 21
    bool_exp       ir ao estado 22
    record_create  ir ao estado 23
    array_create   ir ao estado 24


Estado 155

   73 tyfield: ID COLON ID •

    $padrão  reduzir usando a regra 73 (tyfield)


Estado 156

   79 fundec: FUNCTION ID LPAREN tyfields RPAREN COLON • ID EQ exp

    ID  deslocar, e ir ao estado 164


Estado 157

   78 fundec: FUNCTION ID LPAREN tyfields RPAREN EQ • exp

    ID      deslocar, e ir ao estado 1
    STRING  deslocar, e ir ao estado 2
    INT     deslocar, e ir ao estado 3
    LPAREN  deslocar, e ir ao estado 4
    MINUS   deslocar, e ir ao estado 5
    IF      deslocar, e ir ao estado 6
    WHILE   deslocar, e ir ao estado 7
    FOR     deslocar, e ir ao estado 8
    LET     deslocar, e ir ao estado 9
    BREAK   deslocar, e ir ao estado 10
    NIL     deslocar, e ir ao estado 11
    SWITCH  deslocar, e ir ao estado 12

    exp            ir ao estado 165
    switch_exp     ir ao estado 15
    cond_exp       ir ao estado 16
    loop_exp       ir ao estado 17
    lvalue         ir ao estado 18
    func_call      ir ao estado 19
    arith_exp      ir ao estado 20
    cmp_exp        ir ao estado 21
    bool_exp       ir ao estado 22
    record_create  ir ao estado 23
    array_create   ir ao estado 24


Estado 158

   72 tyfields_nonempty: tyfield COMMA tyfields_nonempty •

    $padrão  reduzir usando a regra 72 (tyfields_nonempty)


Estado 159

   39 arith_exp: exp • PLUS exp
   40          | exp • MINUS exp
   41          | exp • TIMES exp
   42          | exp • DIVIDE exp
   43 cmp_exp: exp • EQ exp
   44        | exp • NEQ exp
   45        | exp • LT exp
   46        | exp • LE exp
   47        | exp • GT exp
   48        | exp • GE exp
   49 bool_exp: exp • AND exp
   50         | exp • OR exp
   75 vardec: VAR ID COLON ID ASSIGN exp •

    PLUS    deslocar, e ir ao estado 48
    MINUS   deslocar, e ir ao estado 49
    TIMES   deslocar, e ir ao estado 50
    DIVIDE  deslocar, e ir ao estado 51
    EQ      deslocar, e ir ao estado 52
    NEQ     deslocar, e ir ao estado 53
    LT      deslocar, e ir ao estado 54
    LE      deslocar, e ir ao estado 55
    GT      deslocar, e ir ao estado 56
    GE      deslocar, e ir ao estado 57
    AND     deslocar, e ir ao estado 58
    OR      deslocar, e ir ao estado 59

    $padrão  reduzir usando a regra 75 (vardec)


Estado 160

   67 ty: LBRACE tyfields RBRACE •

    $padrão  reduzir usando a regra 67 (ty)


Estado 161

   68 ty: ARRAY OF ID •

    $padrão  reduzir usando a regra 68 (ty)


Estado 162

   24 case: CASE INT COLON exp •
   39 arith_exp: exp • PLUS exp
   40          | exp • MINUS exp
   41          | exp • TIMES exp
   42          | exp • DIVIDE exp
   43 cmp_exp: exp • EQ exp
   44        | exp • NEQ exp
   45        | exp • LT exp
   46        | exp • LE exp
   47        | exp • GT exp
   48        | exp • GE exp
   49 bool_exp: exp • AND exp
   50         | exp • OR exp

    PLUS    deslocar, e ir ao estado 48
    MINUS   deslocar, e ir ao estado 49
    TIMES   deslocar, e ir ao estado 50
    DIVIDE  deslocar, e ir ao estado 51
    EQ      deslocar, e ir ao estado 52
    NEQ     deslocar, e ir ao estado 53
    LT      deslocar, e ir ao estado 54
    LE      deslocar, e ir ao estado 55
    GT      deslocar, e ir ao estado 56
    GE      deslocar, e ir ao estado 57
    AND     deslocar, e ir ao estado 58
    OR      deslocar, e ir ao estado 59

    $padrão  reduzir usando a regra 24 (case)


Estado 163

   29 loop_exp: FOR ID ASSIGN exp TO exp DO exp •
   39 arith_exp: exp • PLUS exp
   40          | exp • MINUS exp
   41          | exp • TIMES exp
   42          | exp • DIVIDE exp
   43 cmp_exp: exp • EQ exp
   44        | exp • NEQ exp
   45        | exp • LT exp
   46        | exp • LE exp
   47        | exp • GT exp
   48        | exp • GE exp
   49 bool_exp: exp • AND exp
   50         | exp • OR exp

    PLUS    deslocar, e ir ao estado 48
    MINUS   deslocar, e ir ao estado 49
    TIMES   deslocar, e ir ao estado 50
    DIVIDE  deslocar, e ir ao estado 51
    EQ      deslocar, e ir ao estado 52
    NEQ     deslocar, e ir ao estado 53
    LT      deslocar, e ir ao estado 54
    LE      deslocar, e ir ao estado 55
    GT      deslocar, e ir ao estado 56
    GE      deslocar, e ir ao estado 57
    AND     deslocar, e ir ao estado 58
    OR      deslocar, e ir ao estado 59

    $padrão  reduzir usando a regra 29 (loop_exp)


Estado 164

   79 fundec: FUNCTION ID LPAREN tyfields RPAREN COLON ID • EQ exp

    EQ  deslocar, e ir ao estado 166


Estado 165

   39 arith_exp: exp • PLUS exp
   40          | exp • MINUS exp
   41          | exp • TIMES exp
   42          | exp • DIVIDE exp
   43 cmp_exp: exp • EQ exp
   44        | exp • NEQ exp
   45        | exp • LT exp
   46        | exp • LE exp
   47        | exp • GT exp
   48        | exp • GE exp
   49 bool_exp: exp • AND exp
   50         | exp • OR exp
   78 fundec: FUNCTION ID LPAREN tyfields RPAREN EQ exp •

    PLUS    deslocar, e ir ao estado 48
    MINUS   deslocar, e ir ao estado 49
    TIMES   deslocar, e ir ao estado 50
    DIVIDE  deslocar, e ir ao estado 51
    EQ      deslocar, e ir ao estado 52
    NEQ     deslocar, e ir ao estado 53
    LT      deslocar, e ir ao estado 54
    LE      deslocar, e ir ao estado 55
    GT      deslocar, e ir ao estado 56
    GE      deslocar, e ir ao estado 57
    AND     deslocar, e ir ao estado 58
    OR      deslocar, e ir ao estado 59

    $padrão  reduzir usando a regra 78 (fundec)


Estado 166

   79 fundec: FUNCTION ID LPAREN tyfields RPAREN COLON ID EQ • exp

    ID      deslocar, e ir ao estado 1
    STRING  deslocar, e ir ao estado 2
    INT     deslocar, e ir ao estado 3
    LPAREN  deslocar, e ir ao estado 4
    MINUS   deslocar, e ir ao estado 5
    IF      deslocar, e ir ao estado 6
    WHILE   deslocar, e ir ao estado 7
    FOR     deslocar, e ir ao estado 8
    LET     deslocar, e ir ao estado 9
    BREAK   deslocar, e ir ao estado 10
    NIL     deslocar, e ir ao estado 11
    SWITCH  deslocar, e ir ao estado 12

    exp            ir ao estado 167
    switch_exp     ir ao estado 15
    cond_exp       ir ao estado 16
    loop_exp       ir ao estado 17
    lvalue         ir ao estado 18
    func_call      ir ao estado 19
    arith_exp      ir ao estado 20
    cmp_exp        ir ao estado 21
    bool_exp       ir ao estado 22
    record_create  ir ao estado 23
    array_create   ir ao estado 24


Estado 167

   39 arith_exp: exp • PLUS exp
   40          | exp • MINUS exp
   41          | exp • TIMES exp
   42          | exp • DIVIDE exp
   43 cmp_exp: exp • EQ exp
   44        | exp • NEQ exp
   45        | exp • LT exp
   46        | exp • LE exp
   47        | exp • GT exp
   48        | exp • GE exp
   49 bool_exp: exp • AND exp
   50         | exp • OR exp
   79 fundec: FUNCTION ID LPAREN tyfields RPAREN COLON ID EQ exp •

    PLUS    deslocar, e ir ao estado 48
    MINUS   deslocar, e ir ao estado 49
    TIMES   deslocar, e ir ao estado 50
    DIVIDE  deslocar, e ir ao estado 51
    EQ      deslocar, e ir ao estado 52
    NEQ     deslocar, e ir ao estado 53
    LT      deslocar, e ir ao estado 54
    LE      deslocar, e ir ao estado 55
    GT      deslocar, e ir ao estado 56
    GE      deslocar, e ir ao estado 57
    AND     deslocar, e ir ao estado 58
    OR      deslocar, e ir ao estado 59

    $padrão  reduzir usando a regra 79 (fundec)
